Starting process: module

Starting process: 

SCUBA, Version Diamond (64-bit) 3.12.1.454
Fri Dec 09 07:56:22 2022

Copyright (c) 1991-1994 by NeoCAD Inc. All rights reserved.
Copyright (c) 1995 AT&T Corp.   All rights reserved.
Copyright (c) 1995-2001 Lucent Technologies Inc.  All rights reserved.
Copyright (c) 2001 Agere Systems   All rights reserved.
Copyright (c) 2002-2020 Lattice Semiconductor Corporation,  All rights reserved.

BEGIN SCUBA Module Synthesis

    Issued command   : C:\lscc\diamond\3.12\ispfpga\bin\nt64\scuba.exe -w -n FIFO40 -lang vhdl -synth synplify -bus_exp 7 -bb -arch xo2c00 -type ebfifo -depth 8 -width 40 -rwidth 40 -pfu_fifo -no_enable -pe -1 -pf -1 
    Circuit name     : FIFO40
    Module type      : ebfifo
    Module Version   : 5.8
    Ports            : 
	Inputs       : Data[39:0], WrClock, RdClock, WrEn, RdEn, Reset, RPReset
	Outputs      : Q[39:0], Empty, Full
    I/O buffer       : not inserted
    EDIF output      : FIFO40.edn
    VHDL output      : FIFO40.vhd
    VHDL template    : FIFO40_tmpl.vhd
    VHDL testbench   : tb_FIFO40_tmpl.vhd
    VHDL purpose     : for synthesis and simulation
    Bus notation     : big endian
    Report output    : FIFO40.srp
    Estimated Resource Usage:
            LUT : 48
           DRAM : 10
            Reg : 82

END   SCUBA Module Synthesis

File: FIFO40.lpc created.


End process: completed successfully.


Total Warnings:  0

Total Errors:  0


